┏ hyprsunset v0.3.3 ━━╸
┃
┣ Loaded 0 profiles
┣ Setting the temperature to 2500K
┃
┣ Calculated the CTM to be [mat3x3: 1, 0, 0, 0, 0.6237827, 0, 0, 0, 0.27477717]
┃
┣ Running on Hyprland
┣ Found hyprland-ctm-control-v1 supported with version 2, binding to v2
┣ Found new output with ID 63, binding
┣ Found 1 output(s), applying CTMs
┣ Setting the temperature to 2500K
┃
┣ Calculated the CTM to be [mat3x3: 1, 0, 0, 0, 0.6237827, 0, 0, 0, 0.27477717]
┃
[TRACE] [core] got poll event
[TRACE] [core] got poll event
[TRACE] [core] got poll event
[TRACE] [core] got poll event
[TRACE] [core] got poll event
┣ Exiting on user interrupt
╹
[TRACE] Exiting loop
[TRACE] [core] got poll event
┏ hyprsunset v0.3.3 ━━╸
┃
┣ Loaded 0 profiles
┣ Setting the temperature to 2500K
┃
┣ Calculated the CTM to be [mat3x3: 1, 0, 0, 0, 0.6237827, 0, 0, 0, 0.27477717]
┃
┣ Running on Hyprland
┣ Found hyprland-ctm-control-v1 supported with version 2, binding to v2
┣ Found new output with ID 63, binding
┣ Found 1 output(s), applying CTMs
┣ Setting the temperature to 2500K
┃
┣ Calculated the CTM to be [mat3x3: 1, 0, 0, 0, 0.6237827, 0, 0, 0, 0.27477717]
┃
[TRACE] [core] got poll event
[TRACE] [core] got poll event
[TRACE] [core] got poll event
[TRACE] [core] got poll event
[TRACE] [core] got poll event
[TRACE] [core] got poll event
[TRACE] [core] got poll event
[TRACE] [core] got poll event
[TRACE] [core] got poll event
[TRACE] [core] got poll event
[TRACE] [core] got poll event
[TRACE] [core] got poll event
[TRACE] [core] got poll event
[TRACE] [core] got poll event
[TRACE] [core] got poll event
[TRACE] [core] got poll event
[TRACE] [core] got poll event
[TRACE] [core] got poll event
[TRACE] [core] got poll event
[TRACE] [core] got poll event
[TRACE] [core] got poll event
[TRACE] [core] got poll event
[TRACE] [core] got poll event
[TRACE] [core] got poll event
✖ Temperature kill is not valid
┣ Exiting on user interrupt
╹
[TRACE] Exiting loop
✖ Temperature kill is not valid
[TRACE] [core] got poll event
✖ Temperature kill is not valid
┏ hyprsunset v0.3.3 ━━╸
┃
┣ Loaded 0 profiles
┣ Setting the temperature to 2500K
┃
┣ Calculated the CTM to be [mat3x3: 1, 0, 0, 0, 0.6237827, 0, 0, 0, 0.27477717]
┃
┣ Running on Hyprland
┣ Found hyprland-ctm-control-v1 supported with version 2, binding to v2
┣ Found new output with ID 63, binding
┣ Found 1 output(s), applying CTMs
┣ Setting the temperature to 2500K
┃
┣ Calculated the CTM to be [mat3x3: 1, 0, 0, 0, 0.6237827, 0, 0, 0, 0.27477717]
┃
[TRACE] [core] got poll event
[TRACE] [core] got poll event
[TRACE] [core] got poll event
[TRACE] [core] got poll event
┣ Exiting on user interrupt
╹
[TRACE] Exiting loop
[TRACE] [core] got poll event
